#
# There is insufficient memory for the Java Runtime Environment to continue.
# Native memory allocation (malloc) failed to allocate 32744 bytes for ChunkPool::allocate
# Possible reasons:
#   The system is out of physical RAM or swap space
#   The process is running with CompressedOops enabled, and the Java Heap may be blocking the growth of the native heap
# Possible solutions:
#   Reduce memory load on the system
#   Increase physical memory or swap space
#   Check if swap backing store is full
#   Decrease Java heap size (-Xmx/-Xms)
#   Decrease number of Java threads
#   Decrease Java thread stack sizes (-Xss)
#   Set larger code cache with -XX:ReservedCodeCacheSize=
#   JVM is running with Unscaled Compressed Oops mode in which the Java heap is
#     placed in the first 4GB address space. The Java Heap base address is the
#     maximum limit for the native heap growth. Please use -XX:HeapBaseMinAddress
#     to set the Java Heap base and to place the Java Heap above 4GB virtual address.
# This output file may be truncated or incomplete.
#
#  Out of Memory Error (c:/BuildAgent/work/5ff2f6c26000d570/src/hotspot/share/memory/arena.cpp:81), pid=6712, tid=19540
#
# JRE version: OpenJDK Runtime Environment (11.0.5+10) (build 11.0.5+10-b520.38)
# Java VM: OpenJDK 64-Bit Server VM (11.0.5+10-b520.38, mixed mode, sharing, tiered, compressed oops, g1 gc, windows-amd64)
# No core dump will be written. Minidumps are not enabled by default on client versions of Windows
#

---------------  S U M M A R Y ------------

Command Line: -Dfile.encoding=windows-1251 -Duser.country=RU -Duser.language=ru -Duser.variant app.App

Host: Intel(R) Core(TM) i7-5500U CPU @ 2.40GHz, 4 cores, 7G,  Windows 10 , 64 bit Build 18362 (10.0.18362.778)
Time: Tue Jun  2 02:48:03 2020 Oaio?aeuiiaa?iiaeneee (eaoi) elapsed time: 1 seconds (0d 0h 0m 1s)

---------------  T H R E A D  ---------------

Current thread (0x000001a17e6f2800):  JavaThread "C2 CompilerThread0" daemon [_thread_in_native, id=19540, stack(0x0000001e63000000,0x0000001e63100000)]


Current CompileTask:
C2:   1813 1120   !   4       com.sun.javafx.css.ParsedValueImpl::readBinary (688 bytes)

Stack: [0x0000001e63000000,0x0000001e63100000]
Native frames: (J=compiled Java code, j=interpreted, Vv=VM code, C=native code)
V  [jvm.dll+0x5dcafa]
V  [jvm.dll+0x70e375]
V  [jvm.dll+0x70f898]
V  [jvm.dll+0x70ff63]
V  [jvm.dll+0x23e238]
V  [jvm.dll+0xb8cfb]
V  [jvm.dll+0xb8fac]
V  [jvm.dll+0xb8ba8]
V  [jvm.dll+0x5bd2d0]
V  [jvm.dll+0x60c63e]
V  [jvm.dll+0x194238]
V  [jvm.dll+0x1f79ce]
V  [jvm.dll+0x1f6a94]
V  [jvm.dll+0x17f6fc]
V  [jvm.dll+0x204f77]
V  [jvm.dll+0x2037f1]
V  [jvm.dll+0x6d835f]
V  [jvm.dll+0x6d114d]
V  [jvm.dll+0x5dbdd6]
C  [ucrtbase.dll+0x20e82]
C  [KERNEL32.DLL+0x17bd4]
C  [ntdll.dll+0x6ce51]


---------------  P R O C E S S  ---------------

Threads class SMR info:
_java_thread_list=0x000001a1080f0340, length=18, elements={
0x000001a1665fe000, 0x000001a17e6cf800, 0x000001a17e6d3800, 0x000001a17e6ee800,
0x000001a17e6ef800, 0x000001a17e6f2800, 0x000001a17e702800, 0x000001a17e70e000,
0x000001a17f166800, 0x000001a17f16f800, 0x000001a17f5f1800, 0x000001a17f66f800,
0x000001a17f62c800, 0x000001a17f16a000, 0x000001a17f72c000, 0x000001a17f445800,
0x000001a17fbb0000, 0x000001a17fd80800
}

Java Threads: ( => current thread )
  0x000001a1665fe000 JavaThread "main" [_thread_blocked, id=11576, stack(0x0000001e62500000,0x0000001e62600000)]
  0x000001a17e6cf800 JavaThread "Reference Handler" daemon [_thread_blocked, id=13092, stack(0x0000001e62c00000,0x0000001e62d00000)]
  0x000001a17e6d3800 JavaThread "Finalizer" daemon [_thread_blocked, id=12388, stack(0x0000001e62d00000,0x0000001e62e00000)]
  0x000001a17e6ee800 JavaThread "Signal Dispatcher" daemon [_thread_blocked, id=17844, stack(0x0000001e62e00000,0x0000001e62f00000)]
  0x000001a17e6ef800 JavaThread "Attach Listener" daemon [_thread_blocked, id=12880, stack(0x0000001e62f00000,0x0000001e63000000)]
=>0x000001a17e6f2800 JavaThread "C2 CompilerThread0" daemon [_thread_in_native, id=19540, stack(0x0000001e63000000,0x0000001e63100000)]
  0x000001a17e702800 JavaThread "C1 CompilerThread0" daemon [_thread_blocked, id=16572, stack(0x0000001e63100000,0x0000001e63200000)]
  0x000001a17e70e000 JavaThread "Sweeper thread" daemon [_thread_blocked, id=19764, stack(0x0000001e63200000,0x0000001e63300000)]
  0x000001a17f166800 JavaThread "Service Thread" daemon [_thread_blocked, id=19920, stack(0x0000001e63300000,0x0000001e63400000)]
  0x000001a17f16f800 JavaThread "Common-Cleaner" daemon [_thread_blocked, id=11528, stack(0x0000001e63500000,0x0000001e63600000)]
  0x000001a17f5f1800 JavaThread "QuantumRenderer-0" daemon [_thread_blocked, id=1856, stack(0x0000001e63600000,0x0000001e63700000)]
  0x000001a17f66f800 JavaThread "InvokeLaterDispatcher" daemon [_thread_blocked, id=13616, stack(0x0000001e63700000,0x0000001e63800000)]
  0x000001a17f62c800 JavaThread "JavaFX Application Thread" [_thread_in_native, id=9168, stack(0x0000001e63800000,0x0000001e63900000)]
  0x000001a17f16a000 JavaThread "JavaFX-Launcher" [_thread_blocked, id=19816, stack(0x0000001e63d00000,0x0000001e63e00000)]
  0x000001a17f72c000 JavaThread "Thread-2" daemon [_thread_in_native, id=5168, stack(0x0000001e63c00000,0x0000001e63d00000)]
  0x000001a17f445800 JavaThread "C2 CompilerThread1" daemon [_thread_blocked, id=19700, stack(0x0000001e64100000,0x0000001e64200000)]
  0x000001a17fbb0000 JavaThread "Java2D Disposer" daemon [_thread_blocked, id=2836, stack(0x0000001e64200000,0x0000001e64300000)]
  0x000001a17fd80800 JavaThread "Prism Font Disposer" daemon [_thread_blocked, id=20228, stack(0x0000001e64600000,0x0000001e64700000)]

Other Threads:
  0x000001a17e6cc000 VMThread "VM Thread" [stack: 0x0000001e62b00000,0x0000001e62c00000] [id=15348]
  0x000001a17f167800 WatcherThread [stack: 0x0000001e63400000,0x0000001e63500000] [id=10556]
  0x000001a166619800 GCTaskThread "GC Thread#0" [stack: 0x0000001e62600000,0x0000001e62700000] [id=13360]
  0x000001a17f7ef000 GCTaskThread "GC Thread#1" [stack: 0x0000001e63e00000,0x0000001e63f00000] [id=17168]
  0x000001a17f7e4000 GCTaskThread "GC Thread#2" [stack: 0x0000001e63f00000,0x0000001e64000000] [id=14860]
  0x000001a17f807800 GCTaskThread "GC Thread#3" [stack: 0x0000001e64000000,0x0000001e64100000] [id=11272]
  0x000001a16664a800 ConcurrentGCThread "G1 Main Marker" [stack: 0x0000001e62700000,0x0000001e62800000] [id=20064]
  0x000001a16664c000 ConcurrentGCThread "G1 Conc#0" [stack: 0x0000001e62800000,0x0000001e62900000] [id=15100]
  0x000001a1666cd800 ConcurrentGCThread "G1 Refine#0" [stack: 0x0000001e62900000,0x0000001e62a00000] [id=6592]
  0x000001a1666ce800 ConcurrentGCThread "G1 Young RemSet Sampling" [stack: 0x0000001e62a00000,0x0000001e62b00000] [id=20180]

Threads with active compile tasks:
C2 CompilerThread0   1959 1120   !   4       com.sun.javafx.css.ParsedValueImpl::readBinary (688 bytes)

VM state:not at safepoint (normal execution)

VM Mutex/Monitor currently owned by a thread: None

Heap address: 0x0000000081400000, size: 2028 MB, Compressed Oops mode: 32-bit
Narrow klass base: 0x0000000800000000, Narrow klass shift: 3
Compressed class space size: 1073741824 Address: 0x0000000840000000

Heap:
 garbage-first heap   total 131072K, used 47900K [0x0000000081400000, 0x0000000100000000)
  region size 1024K, 42 young (43008K), 2 survivors (2048K)
 Metaspace       used 15294K, capacity 16509K, committed 16640K, reserved 1062912K
  class space    used 2095K, capacity 2447K, committed 2560K, reserved 1048576K
Heap Regions: E=young(eden), S=young(survivor), O=old, HS=humongous(starts), HC=humongous(continues), CS=collection set, F=free, A=archive, TAMS=top-at-mark-start (previous, next)
|   0|0x0000000081400000, 0x0000000081500000, 0x0000000081500000|100%|HS|  |TAMS 0x0000000081400000, 0x0000000081400000| Complete 
|   1|0x0000000081500000, 0x0000000081600000, 0x0000000081600000|100%|HC|  |TAMS 0x0000000081500000, 0x0000000081500000| Complete 
|   2|0x0000000081600000, 0x0000000081700000, 0x0000000081700000|100%|HC|  |TAMS 0x0000000081600000, 0x0000000081600000| Complete 
|   3|0x0000000081700000, 0x0000000081800000, 0x0000000081800000|100%|HC|  |TAMS 0x0000000081700000, 0x0000000081700000| Complete 
|   4|0x0000000081800000, 0x0000000081900000, 0x0000000081900000|100%|HC|  |TAMS 0x0000000081800000, 0x0000000081800000| Complete 
|   5|0x0000000081900000, 0x0000000081a00000, 0x0000000081a00000|100%|HS|  |TAMS 0x0000000081900000, 0x0000000081900000| Complete 
|   6|0x0000000081a00000, 0x0000000081a00000, 0x0000000081b00000|  0%| F|  |TAMS 0x0000000081a00000, 0x0000000081a00000| Untracked 
|   7|0x0000000081b00000, 0x0000000081b00000, 0x0000000081c00000|  0%| F|  |TAMS 0x0000000081b00000, 0x0000000081b00000| Untracked 
|   8|0x0000000081c00000, 0x0000000081c00000, 0x0000000081d00000|  0%| F|  |TAMS 0x0000000081c00000, 0x0000000081c00000| Untracked 
|   9|0x0000000081d00000, 0x0000000081d00000, 0x0000000081e00000|  0%| F|  |TAMS 0x0000000081d00000, 0x0000000081d00000| Untracked 
|  10|0x0000000081e00000, 0x0000000081e00000, 0x0000000081f00000|  0%| F|  |TAMS 0x0000000081e00000, 0x0000000081e00000| Untracked 
|  11|0x0000000081f00000, 0x0000000081f00000, 0x0000000082000000|  0%| F|  |TAMS 0x0000000081f00000, 0x0000000081f00000| Untracked 
|  12|0x0000000082000000, 0x0000000082000000, 0x0000000082100000|  0%| F|  |TAMS 0x0000000082000000, 0x0000000082000000| Untracked 
|  13|0x0000000082100000, 0x0000000082100000, 0x0000000082200000|  0%| F|  |TAMS 0x0000000082100000, 0x0000000082100000| Untracked 
|  14|0x0000000082200000, 0x0000000082200000, 0x0000000082300000|  0%| F|  |TAMS 0x0000000082200000, 0x0000000082200000| Untracked 
|  15|0x0000000082300000, 0x0000000082300000, 0x0000000082400000|  0%| F|  |TAMS 0x0000000082300000, 0x0000000082300000| Untracked 
|  16|0x0000000082400000, 0x0000000082400000, 0x0000000082500000|  0%| F|  |TAMS 0x0000000082400000, 0x0000000082400000| Untracked 
|  17|0x0000000082500000, 0x0000000082500000, 0x0000000082600000|  0%| F|  |TAMS 0x0000000082500000, 0x0000000082500000| Untracked 
|  18|0x0000000082600000, 0x0000000082600000, 0x0000000082700000|  0%| F|  |TAMS 0x0000000082600000, 0x0000000082600000| Untracked 
|  19|0x0000000082700000, 0x0000000082700000, 0x0000000082800000|  0%| F|  |TAMS 0x0000000082700000, 0x0000000082700000| Untracked 
|  20|0x0000000082800000, 0x0000000082800000, 0x0000000082900000|  0%| F|  |TAMS 0x0000000082800000, 0x0000000082800000| Untracked 
|  21|0x0000000082900000, 0x0000000082900000, 0x0000000082a00000|  0%| F|  |TAMS 0x0000000082900000, 0x0000000082900000| Untracked 
|  22|0x0000000082a00000, 0x0000000082a00000, 0x0000000082b00000|  0%| F|  |TAMS 0x0000000082a00000, 0x0000000082a00000| Untracked 
|  23|0x0000000082b00000, 0x0000000082b00000, 0x0000000082c00000|  0%| F|  |TAMS 0x0000000082b00000, 0x0000000082b00000| Untracked 
|  24|0x0000000082c00000, 0x0000000082c00000, 0x0000000082d00000|  0%| F|  |TAMS 0x0000000082c00000, 0x0000000082c00000| Untracked 
|  25|0x0000000082d00000, 0x0000000082d00000, 0x0000000082e00000|  0%| F|  |TAMS 0x0000000082d00000, 0x0000000082d00000| Untracked 
|  26|0x0000000082e00000, 0x0000000082e00000, 0x0000000082f00000|  0%| F|  |TAMS 0x0000000082e00000, 0x0000000082e00000| Untracked 
|  27|0x0000000082f00000, 0x0000000082f00000, 0x0000000083000000|  0%| F|  |TAMS 0x0000000082f00000, 0x0000000082f00000| Untracked 
|  28|0x0000000083000000, 0x0000000083000000, 0x0000000083100000|  0%| F|  |TAMS 0x0000000083000000, 0x0000000083000000| Untracked 
|  29|0x0000000083100000, 0x0000000083100000, 0x0000000083200000|  0%| F|  |TAMS 0x0000000083100000, 0x0000000083100000| Untracked 
|  30|0x0000000083200000, 0x0000000083200000, 0x0000000083300000|  0%| F|  |TAMS 0x0000000083200000, 0x0000000083200000| Untracked 
|  31|0x0000000083300000, 0x0000000083300000, 0x0000000083400000|  0%| F|  |TAMS 0x0000000083300000, 0x0000000083300000| Untracked 
|  32|0x0000000083400000, 0x0000000083400000, 0x0000000083500000|  0%| F|  |TAMS 0x0000000083400000, 0x0000000083400000| Untracked 
|  33|0x0000000083500000, 0x0000000083500000, 0x0000000083600000|  0%| F|  |TAMS 0x0000000083500000, 0x0000000083500000| Untracked 
|  34|0x0000000083600000, 0x0000000083600000, 0x0000000083700000|  0%| F|  |TAMS 0x0000000083600000, 0x0000000083600000| Untracked 
|  35|0x0000000083700000, 0x0000000083700000, 0x0000000083800000|  0%| F|  |TAMS 0x0000000083700000, 0x0000000083700000| Untracked 
|  36|0x0000000083800000, 0x0000000083800000, 0x0000000083900000|  0%| F|  |TAMS 0x0000000083800000, 0x0000000083800000| Untracked 
|  37|0x0000000083900000, 0x0000000083900000, 0x0000000083a00000|  0%| F|  |TAMS 0x0000000083900000, 0x0000000083900000| Untracked 
|  38|0x0000000083a00000, 0x0000000083a00000, 0x0000000083b00000|  0%| F|  |TAMS 0x0000000083a00000, 0x0000000083a00000| Untracked 
|  39|0x0000000083b00000, 0x0000000083b00000, 0x0000000083c00000|  0%| F|  |TAMS 0x0000000083b00000, 0x0000000083b00000| Untracked 
|  40|0x0000000083c00000, 0x0000000083c00000, 0x0000000083d00000|  0%| F|  |TAMS 0x0000000083c00000, 0x0000000083c00000| Untracked 
|  41|0x0000000083d00000, 0x0000000083d00000, 0x0000000083e00000|  0%| F|  |TAMS 0x0000000083d00000, 0x0000000083d00000| Untracked 
|  42|0x0000000083e00000, 0x0000000083e00000, 0x0000000083f00000|  0%| F|  |TAMS 0x0000000083e00000, 0x0000000083e00000| Untracked 
|  43|0x0000000083f00000, 0x0000000083f00000, 0x0000000084000000|  0%| F|  |TAMS 0x0000000083f00000, 0x0000000083f00000| Untracked 
|  44|0x0000000084000000, 0x0000000084000000, 0x0000000084100000|  0%| F|  |TAMS 0x0000000084000000, 0x0000000084000000| Untracked 
|  45|0x0000000084100000, 0x0000000084100000, 0x0000000084200000|  0%| F|  |TAMS 0x0000000084100000, 0x0000000084100000| Untracked 
|  46|0x0000000084200000, 0x0000000084200000, 0x0000000084300000|  0%| F|  |TAMS 0x0000000084200000, 0x0000000084200000| Untracked 
|  47|0x0000000084300000, 0x0000000084300000, 0x0000000084400000|  0%| F|  |TAMS 0x0000000084300000, 0x0000000084300000| Untracked 
|  48|0x0000000084400000, 0x0000000084400000, 0x0000000084500000|  0%| F|  |TAMS 0x0000000084400000, 0x0000000084400000| Untracked 
|  49|0x0000000084500000, 0x0000000084500000, 0x0000000084600000|  0%| F|  |TAMS 0x0000000084500000, 0x0000000084500000| Untracked 
|  50|0x0000000084600000, 0x0000000084600000, 0x0000000084700000|  0%| F|  |TAMS 0x0000000084600000, 0x0000000084600000| Untracked 
|  51|0x0000000084700000, 0x0000000084700000, 0x0000000084800000|  0%| F|  |TAMS 0x0000000084700000, 0x0000000084700000| Untracked 
|  52|0x0000000084800000, 0x0000000084800000, 0x0000000084900000|  0%| F|  |TAMS 0x0000000084800000, 0x0000000084800000| Untracked 
|  53|0x0000000084900000, 0x0000000084900000, 0x0000000084a00000|  0%| F|  |TAMS 0x0000000084900000, 0x0000000084900000| Untracked 
|  54|0x0000000084a00000, 0x0000000084a00000, 0x0000000084b00000|  0%| F|  |TAMS 0x0000000084a00000, 0x0000000084a00000| Untracked 
|  55|0x0000000084b00000, 0x0000000084b00000, 0x0000000084c00000|  0%| F|  |TAMS 0x0000000084b00000, 0x0000000084b00000| Untracked 
|  56|0x0000000084c00000, 0x0000000084c00000, 0x0000000084d00000|  0%| F|  |TAMS 0x0000000084c00000, 0x0000000084c00000| Untracked 
|  57|0x0000000084d00000, 0x0000000084d00000, 0x0000000084e00000|  0%| F|  |TAMS 0x0000000084d00000, 0x0000000084d00000| Untracked 
|  58|0x0000000084e00000, 0x0000000084e00000, 0x0000000084f00000|  0%| F|  |TAMS 0x0000000084e00000, 0x0000000084e00000| Untracked 
|  59|0x0000000084f00000, 0x0000000084f00000, 0x0000000085000000|  0%| F|  |TAMS 0x0000000084f00000, 0x0000000084f00000| Untracked 
|  60|0x0000000085000000, 0x0000000085000000, 0x0000000085100000|  0%| F|  |TAMS 0x0000000085000000, 0x0000000085000000| Untracked 
|  61|0x0000000085100000, 0x0000000085100000, 0x0000000085200000|  0%| F|  |TAMS 0x0000000085100000, 0x0000000085100000| Untracked 
|  62|0x0000000085200000, 0x0000000085200000, 0x0000000085300000|  0%| F|  |TAMS 0x0000000085200000, 0x0000000085200000| Untracked 
|  63|0x0000000085300000, 0x0000000085300000, 0x0000000085400000|  0%| F|  |TAMS 0x0000000085300000, 0x0000000085300000| Untracked 
|  64|0x0000000085400000, 0x0000000085400000, 0x0000000085500000|  0%| F|  |TAMS 0x0000000085400000, 0x0000000085400000| Untracked 
|  65|0x0000000085500000, 0x0000000085500000, 0x0000000085600000|  0%| F|  |TAMS 0x0000000085500000, 0x0000000085500000| Untracked 
|  66|0x0000000085600000, 0x0000000085600000, 0x0000000085700000|  0%| F|  |TAMS 0x0000000085600000, 0x0000000085600000| Untracked 
|  67|0x0000000085700000, 0x0000000085700000, 0x0000000085800000|  0%| F|  |TAMS 0x0000000085700000, 0x0000000085700000| Untracked 
|  68|0x0000000085800000, 0x0000000085800000, 0x0000000085900000|  0%| F|  |TAMS 0x0000000085800000, 0x0000000085800000| Untracked 
|  69|0x0000000085900000, 0x0000000085900000, 0x0000000085a00000|  0%| F|  |TAMS 0x0000000085900000, 0x0000000085900000| Untracked 
|  70|0x0000000085a00000, 0x0000000085a00000, 0x0000000085b00000|  0%| F|  |TAMS 0x0000000085a00000, 0x0000000085a00000| Untracked 
|  71|0x0000000085b00000, 0x0000000085b00000, 0x0000000085c00000|  0%| F|  |TAMS 0x0000000085b00000, 0x0000000085b00000| Untracked 
|  72|0x0000000085c00000, 0x0000000085c00000, 0x0000000085d00000|  0%| F|  |TAMS 0x0000000085c00000, 0x0000000085c00000| Untracked 
|  73|0x0000000085d00000, 0x0000000085d00000, 0x0000000085e00000|  0%| F|  |TAMS 0x0000000085d00000, 0x0000000085d00000| Untracked 
|  74|0x0000000085e00000, 0x0000000085e00000, 0x0000000085f00000|  0%| F|  |TAMS 0x0000000085e00000, 0x0000000085e00000| Untracked 
|  75|0x0000000085f00000, 0x0000000085f00000, 0x0000000086000000|  0%| F|  |TAMS 0x0000000085f00000, 0x0000000085f00000| Untracked 
|  76|0x0000000086000000, 0x0000000086000000, 0x0000000086100000|  0%| F|  |TAMS 0x0000000086000000, 0x0000000086000000| Untracked 
|  77|0x0000000086100000, 0x0000000086100000, 0x0000000086200000|  0%| F|  |TAMS 0x0000000086100000, 0x0000000086100000| Untracked 
|  78|0x0000000086200000, 0x0000000086200000, 0x0000000086300000|  0%| F|  |TAMS 0x0000000086200000, 0x0000000086200000| Untracked 
|  79|0x0000000086300000, 0x0000000086300000, 0x0000000086400000|  0%| F|  |TAMS 0x0000000086300000, 0x0000000086300000| Untracked 
|  80|0x0000000086400000, 0x0000000086400000, 0x0000000086500000|  0%| F|  |TAMS 0x0000000086400000, 0x0000000086400000| Untracked 
|  81|0x0000000086500000, 0x0000000086500000, 0x0000000086600000|  0%| F|  |TAMS 0x0000000086500000, 0x0000000086500000| Untracked 
|  82|0x0000000086600000, 0x0000000086600000, 0x0000000086700000|  0%| F|  |TAMS 0x0000000086600000, 0x0000000086600000| Untracked 
|  83|0x0000000086700000, 0x0000000086700000, 0x0000000086800000|  0%| F|  |TAMS 0x0000000086700000, 0x0000000086700000| Untracked 
|  84|0x0000000086800000, 0x0000000086800000, 0x0000000086900000|  0%| F|  |TAMS 0x0000000086800000, 0x0000000086800000| Untracked 
|  85|0x0000000086900000, 0x0000000086900000, 0x0000000086a00000|  0%| F|  |TAMS 0x0000000086900000, 0x0000000086900000| Untracked 
|  86|0x0000000086a00000, 0x0000000086a816a0, 0x0000000086b00000| 50%| E|  |TAMS 0x0000000086a00000, 0x0000000086a00000| Complete 
|  87|0x0000000086b00000, 0x0000000086c00000, 0x0000000086c00000|100%| E|CS|TAMS 0x0000000086b00000, 0x0000000086b00000| Complete 
|  88|0x0000000086c00000, 0x0000000086d00000, 0x0000000086d00000|100%| E|CS|TAMS 0x0000000086c00000, 0x0000000086c00000| Complete 
|  89|0x0000000086d00000, 0x0000000086e00000, 0x0000000086e00000|100%| E|CS|TAMS 0x0000000086d00000, 0x0000000086d00000| Complete 
|  90|0x0000000086e00000, 0x0000000086f00000, 0x0000000086f00000|100%| E|CS|TAMS 0x0000000086e00000, 0x0000000086e00000| Complete 
|  91|0x0000000086f00000, 0x0000000087000000, 0x0000000087000000|100%| E|CS|TAMS 0x0000000086f00000, 0x0000000086f00000| Complete 
|  92|0x0000000087000000, 0x0000000087100000, 0x0000000087100000|100%| E|CS|TAMS 0x0000000087000000, 0x0000000087000000| Complete 
|  93|0x0000000087100000, 0x0000000087200000, 0x0000000087200000|100%| E|CS|TAMS 0x0000000087100000, 0x0000000087100000| Complete 
|  94|0x0000000087200000, 0x0000000087300000, 0x0000000087300000|100%| E|CS|TAMS 0x0000000087200000, 0x0000000087200000| Complete 
|  95|0x0000000087300000, 0x0000000087400000, 0x0000000087400000|100%| E|CS|TAMS 0x0000000087300000, 0x0000000087300000| Complete 
|  96|0x0000000087400000, 0x0000000087500000, 0x0000000087500000|100%| E|CS|TAMS 0x0000000087400000, 0x0000000087400000| Complete 
|  97|0x0000000087500000, 0x0000000087600000, 0x0000000087600000|100%| E|CS|TAMS 0x0000000087500000, 0x0000000087500000| Complete 
|  98|0x0000000087600000, 0x0000000087700000, 0x0000000087700000|100%| E|CS|TAMS 0x0000000087600000, 0x0000000087600000| Complete 
|  99|0x0000000087700000, 0x0000000087800000, 0x0000000087800000|100%| E|CS|TAMS 0x0000000087700000, 0x0000000087700000| Complete 
| 100|0x0000000087800000, 0x0000000087900000, 0x0000000087900000|100%| E|CS|TAMS 0x0000000087800000, 0x0000000087800000| Complete 
| 101|0x0000000087900000, 0x0000000087a00000, 0x0000000087a00000|100%| E|CS|TAMS 0x0000000087900000, 0x0000000087900000| Complete 
| 102|0x0000000087a00000, 0x0000000087b00000, 0x0000000087b00000|100%| E|CS|TAMS 0x0000000087a00000, 0x0000000087a00000| Complete 
| 103|0x0000000087b00000, 0x0000000087c00000, 0x0000000087c00000|100%| E|CS|TAMS 0x0000000087b00000, 0x0000000087b00000| Complete 
| 104|0x0000000087c00000, 0x0000000087d00000, 0x0000000087d00000|100%| E|CS|TAMS 0x0000000087c00000, 0x0000000087c00000| Complete 
| 105|0x0000000087d00000, 0x0000000087e00000, 0x0000000087e00000|100%| E|CS|TAMS 0x0000000087d00000, 0x0000000087d00000| Complete 
| 106|0x0000000087e00000, 0x0000000087f00000, 0x0000000087f00000|100%| E|CS|TAMS 0x0000000087e00000, 0x0000000087e00000| Complete 
| 107|0x0000000087f00000, 0x0000000088000000, 0x0000000088000000|100%| E|CS|TAMS 0x0000000087f00000, 0x0000000087f00000| Complete 
| 108|0x0000000088000000, 0x0000000088100000, 0x0000000088100000|100%| E|CS|TAMS 0x0000000088000000, 0x0000000088000000| Complete 
| 109|0x0000000088100000, 0x0000000088200000, 0x0000000088200000|100%| E|CS|TAMS 0x0000000088100000, 0x0000000088100000| Complete 
| 110|0x0000000088200000, 0x0000000088300000, 0x0000000088300000|100%| E|CS|TAMS 0x0000000088200000, 0x0000000088200000| Complete 
| 111|0x0000000088300000, 0x0000000088400000, 0x0000000088400000|100%| E|CS|TAMS 0x0000000088300000, 0x0000000088300000| Complete 
| 112|0x0000000088400000, 0x00000000884c7060, 0x0000000088500000| 77%| S|CS|TAMS 0x0000000088400000, 0x0000000088400000| Complete 
| 113|0x0000000088500000, 0x0000000088600000, 0x0000000088600000|100%| S|CS|TAMS 0x0000000088500000, 0x0000000088500000| Complete 
| 114|0x0000000088600000, 0x0000000088700000, 0x0000000088700000|100%| E|CS|TAMS 0x0000000088600000, 0x0000000088600000| Complete 
| 115|0x0000000088700000, 0x0000000088800000, 0x0000000088800000|100%| E|CS|TAMS 0x0000000088700000, 0x0000000088700000| Complete 
| 116|0x0000000088800000, 0x0000000088900000, 0x0000000088900000|100%| E|CS|TAMS 0x0000000088800000, 0x0000000088800000| Complete 
| 117|0x0000000088900000, 0x0000000088a00000, 0x0000000088a00000|100%| E|CS|TAMS 0x0000000088900000, 0x0000000088900000| Complete 
| 118|0x0000000088a00000, 0x0000000088b00000, 0x0000000088b00000|100%| E|CS|TAMS 0x0000000088a00000, 0x0000000088a00000| Complete 
| 119|0x0000000088b00000, 0x0000000088c00000, 0x0000000088c00000|100%| E|CS|TAMS 0x0000000088b00000, 0x0000000088b00000| Complete 
| 120|0x0000000088c00000, 0x0000000088d00000, 0x0000000088d00000|100%| E|CS|TAMS 0x0000000088c00000, 0x0000000088c00000| Complete 
| 121|0x0000000088d00000, 0x0000000088e00000, 0x0000000088e00000|100%| E|CS|TAMS 0x0000000088d00000, 0x0000000088d00000| Complete 
| 122|0x0000000088e00000, 0x0000000088f00000, 0x0000000088f00000|100%| E|CS|TAMS 0x0000000088e00000, 0x0000000088e00000| Complete 
| 123|0x0000000088f00000, 0x0000000089000000, 0x0000000089000000|100%| E|CS|TAMS 0x0000000088f00000, 0x0000000088f00000| Complete 
| 124|0x0000000089000000, 0x0000000089100000, 0x0000000089100000|100%| E|CS|TAMS 0x0000000089000000, 0x0000000089000000| Complete 
| 125|0x0000000089100000, 0x0000000089200000, 0x0000000089200000|100%| E|CS|TAMS 0x0000000089100000, 0x0000000089100000| Complete 
| 126|0x0000000089200000, 0x0000000089300000, 0x0000000089300000|100%| E|CS|TAMS 0x0000000089200000, 0x0000000089200000| Complete 
| 127|0x0000000089300000, 0x0000000089400000, 0x0000000089400000|100%| E|CS|TAMS 0x0000000089300000, 0x0000000089300000| Complete 

Card table byte_map: [0x000001a179ac0000,0x000001a179ec0000] _byte_map_base: 0x000001a1796b6000

Marking Bits (Prev, Next): (CMBitMap*) 0x000001a166641a38, (CMBitMap*) 0x000001a166641a70
 Prev Bits: [0x000001a17a2c0000, 0x000001a17c270000)
 Next Bits: [0x000001a17c270000, 0x000001a17e220000)

Polling page: 0x000001a164550000

Metaspace:

Usage:
  Non-class:     13.73 MB capacity,    12.89 MB ( 94%) used,   782.00 KB (  6%) free+waste,    81.25 KB ( <1%) overhead. 
      Class:      2.39 MB capacity,     2.05 MB ( 86%) used,   308.30 KB ( 13%) free+waste,    43.19 KB (  2%) overhead. 
       Both:     16.12 MB capacity,    14.94 MB ( 93%) used,     1.06 MB (  7%) free+waste,   124.44 KB ( <1%) overhead. 

Virtual space:
  Non-class space:       14.00 MB reserved,      13.75 MB ( 98%) committed 
      Class space:        1.00 GB reserved,       2.50 MB ( <1%) committed 
             Both:        1.01 GB reserved,      16.25 MB (  2%) committed 

Chunk freelists:
   Non-Class:  18.00 KB
       Class:  17.00 KB
        Both:  35.00 KB

MaxMetaspaceSize: 17179869184.00 GB
CompressedClassSpaceSize: 1.00 GB

CodeHeap 'non-profiled nmethods': size=120064Kb used=741Kb max_used=741Kb free=119322Kb
 bounds [0x000001a172180000, 0x000001a1723f0000, 0x000001a1796c0000]
CodeHeap 'profiled nmethods': size=120000Kb used=3798Kb max_used=3798Kb free=116201Kb
 bounds [0x000001a16ac50000, 0x000001a16b010000, 0x000001a172180000]
CodeHeap 'non-nmethods': size=5696Kb used=1338Kb max_used=1351Kb free=4357Kb
 bounds [0x000001a16a6c0000, 0x000001a16a930000, 0x000001a16ac50000]
 total_blobs=3385 nmethods=1957 adapters=660
 compilation: enabled
              stopped_count=0, restarted_count=0
 full_count=0

Compilation events (20 events):
Event: 1.648 Thread 0x000001a17e702800 nmethod 1957 0x000001a172238090 code [0x000001a172238240, 0x000001a172238378]
Event: 1.648 Thread 0x000001a17e702800 1955       1       javafx.scene.layout.Background::getFills (5 bytes)
Event: 1.648 Thread 0x000001a17e702800 nmethod 1955 0x000001a172238410 code [0x000001a1722385c0, 0x000001a1722386f8]
Event: 1.648 Thread 0x000001a17e702800 1960       3       java.nio.CharBuffer::arrayOffset (35 bytes)
Event: 1.649 Thread 0x000001a17e702800 nmethod 1960 0x000001a16b000690 code [0x000001a16b000880, 0x000001a16b000be0]
Event: 1.649 Thread 0x000001a17e702800 1959       3       java.io.BufferedWriter::ensureOpen (18 bytes)
Event: 1.649 Thread 0x000001a17e702800 nmethod 1959 0x000001a16b000d10 code [0x000001a16b000ee0, 0x000001a16b001170]
Event: 1.649 Thread 0x000001a17e702800 1947   !   3       java.lang.invoke.MethodHandles$Lookup::revealDirect (209 bytes)
Event: 1.651 Thread 0x000001a17e702800 nmethod 1947 0x000001a16b001210 code [0x000001a16b0015c0, 0x000001a16b002dc0]
Event: 1.651 Thread 0x000001a17e702800 1948       3       java.lang.invoke.InfoFromMemberName::getName (8 bytes)
Event: 1.651 Thread 0x000001a17e702800 nmethod 1948 0x000001a16b003610 code [0x000001a16b003800, 0x000001a16b003c50]
Event: 1.651 Thread 0x000001a17e702800 1949       3       java.lang.invoke.InfoFromMemberName::getMethodType (8 bytes)
Event: 1.651 Thread 0x000001a17e702800 nmethod 1949 0x000001a16b003d90 code [0x000001a16b003f40, 0x000001a16b0040f0]
Event: 1.651 Thread 0x000001a17e702800 1950       3       java.lang.invoke.AbstractValidatingLambdaMetafactory::isAdaptableToAsReturn (36 bytes)
Event: 1.652 Thread 0x000001a17e702800 nmethod 1950 0x000001a16b004190 code [0x000001a16b004380, 0x000001a16b0048b0]
Event: 1.652 Thread 0x000001a17e702800 1961       3       javafx.scene.layout.Region::snapSizeX (17 bytes)
Event: 1.653 Thread 0x000001a17e702800 nmethod 1961 0x000001a16b004a10 code [0x000001a16b004cc0, 0x000001a16b005740]
Event: 1.653 Thread 0x000001a17f445800 nmethod 1954 0x000001a172238790 code [0x000001a172238940, 0x000001a172239008]
Event: 1.653 Thread 0x000001a17f445800 1958       4       sun.nio.cs.SingleByte$Encoder::encode (32 bytes)
Event: 1.655 Thread 0x000001a17f445800 nmethod 1958 0x000001a172239390 code [0x000001a172239520, 0x000001a172239638]

GC Heap History (2 events):
Event: 0.439 GC heap before
{Heap before GC invocations=0 (full 0):
 garbage-first heap   total 131072K, used 13312K [0x0000000081400000, 0x0000000100000000)
  region size 1024K, 14 young (14336K), 0 survivors (0K)
 Metaspace       used 4381K, capacity 7742K, committed 7808K, reserved 1056768K
  class space    used 498K, capacity 865K, committed 896K, reserved 1048576K
}
Event: 0.443 GC heap after
{Heap after GC invocations=1 (full 0):
 garbage-first heap   total 131072K, used 1820K [0x0000000081400000, 0x0000000100000000)
  region size 1024K, 2 young (2048K), 2 survivors (2048K)
 Metaspace       used 4381K, capacity 7742K, committed 7808K, reserved 1056768K
  class space    used 498K, capacity 865K, committed 896K, reserved 1048576K
}

Deoptimization events (20 events):
Event: 1.122 Thread 0x000001a17f62c800 Uncommon trap: trap_request=0xffffffde fr.pc=0x000001a17219ba68 relative=0x00000000000001c8
Event: 1.122 Thread 0x000001a17f62c800 Uncommon trap: reason=class_check action=maybe_recompile pc=0x000001a17219ba68 method=java.lang.String.equals(Ljava/lang/Object;)Z @ 8 c2
Event: 1.122 Thread 0x000001a17f62c800 DEOPT PACKING pc=0x000001a17219ba68 sp=0x0000001e638fc290
Event: 1.122 Thread 0x000001a17f62c800 DEOPT UNPACKING pc=0x000001a16a6e922f sp=0x0000001e638fc238 mode 2
Event: 1.122 Thread 0x000001a17f62c800 Uncommon trap: trap_request=0xffffffde fr.pc=0x000001a17219ba68 relative=0x00000000000001c8
Event: 1.122 Thread 0x000001a17f62c800 Uncommon trap: reason=class_check action=maybe_recompile pc=0x000001a17219ba68 method=java.lang.String.equals(Ljava/lang/Object;)Z @ 8 c2
Event: 1.122 Thread 0x000001a17f62c800 DEOPT PACKING pc=0x000001a17219ba68 sp=0x0000001e638fc1a0
Event: 1.122 Thread 0x000001a17f62c800 DEOPT UNPACKING pc=0x000001a16a6e922f sp=0x0000001e638fc148 mode 2
Event: 1.122 Thread 0x000001a17f62c800 Uncommon trap: trap_request=0xffffffde fr.pc=0x000001a17219ba68 relative=0x00000000000001c8
Event: 1.122 Thread 0x000001a17f62c800 Uncommon trap: reason=class_check action=maybe_recompile pc=0x000001a17219ba68 method=java.lang.String.equals(Ljava/lang/Object;)Z @ 8 c2
Event: 1.122 Thread 0x000001a17f62c800 DEOPT PACKING pc=0x000001a17219ba68 sp=0x0000001e638fc1a0
Event: 1.122 Thread 0x000001a17f62c800 DEOPT UNPACKING pc=0x000001a16a6e922f sp=0x0000001e638fc148 mode 2
Event: 1.123 Thread 0x000001a17f62c800 Uncommon trap: trap_request=0xffffffde fr.pc=0x000001a17219ba68 relative=0x00000000000001c8
Event: 1.123 Thread 0x000001a17f62c800 Uncommon trap: reason=class_check action=maybe_recompile pc=0x000001a17219ba68 method=java.lang.String.equals(Ljava/lang/Object;)Z @ 8 c2
Event: 1.123 Thread 0x000001a17f62c800 DEOPT PACKING pc=0x000001a17219ba68 sp=0x0000001e638fbef0
Event: 1.123 Thread 0x000001a17f62c800 DEOPT UNPACKING pc=0x000001a16a6e922f sp=0x0000001e638fbe98 mode 2
Event: 1.256 Thread 0x000001a17f62c800 Uncommon trap: trap_request=0xffffff4d fr.pc=0x000001a1721af840 relative=0x00000000000002a0
Event: 1.256 Thread 0x000001a17f62c800 Uncommon trap: reason=unstable_if action=reinterpret pc=0x000001a1721af840 method=java.lang.StringUTF16.compress([CI[BII)I @ 20 c2
Event: 1.256 Thread 0x000001a17f62c800 DEOPT PACKING pc=0x000001a1721af840 sp=0x0000001e638fa290
Event: 1.256 Thread 0x000001a17f62c800 DEOPT UNPACKING pc=0x000001a16a6e922f sp=0x0000001e638fa210 mode 2

Classes redefined (0 events):
No events

Internal exceptions (20 events):
Event: 0.453 Thread 0x000001a17f62c800 Exception <a 'java/lang/NoSuchMethodError'{0x000000008936fa48}: 'java.lang.Object java.lang.invoke.DirectMethodHandle$Holder.invokeStatic(java.lang.Object, java.lang.Object, java.lang.Object, java.lang.Object, int)'> (0x000000008936fa48) thrown at [c:/Bui
Event: 0.616 Thread 0x000001a17f62c800 Exception <a 'java/lang/NoSuchMethodError'{0x0000000088ee8128}: 'java.lang.Object java.lang.invoke.DirectMethodHandle$Holder.invokeStaticInit(java.lang.Object, java.lang.Object, java.lang.Object, java.lang.Object)'> (0x0000000088ee8128) thrown at [c:/Buil
Event: 0.617 Thread 0x000001a17f62c800 Exception <a 'java/lang/NullPointerException'{0x0000000088ef39b8}> (0x0000000088ef39b8) thrown at [c:/BuildAgent/work/5ff2f6c26000d570/src/hotspot/share/interpreter/linkResolver.cpp, line 1358]
Event: 0.617 Thread 0x000001a17f62c800 Exception <a 'java/lang/NullPointerException'{0x0000000088ef39b8}> (0x0000000088ef39b8) thrown at [c:/BuildAgent/work/5ff2f6c26000d570/src/hotspot/share/prims/jvm.cpp, line 1301]
Event: 0.621 Thread 0x000001a17f62c800 Exception <a 'java/lang/NoSuchMethodError'{0x0000000088d12928}: 'void java.lang.invoke.DirectMethodHandle$Holder.invokeSpecial(java.lang.Object, java.lang.Object, java.lang.Object, java.lang.Object, java.lang.Object)'> (0x0000000088d12928) thrown at [c:/B
Event: 0.635 Thread 0x000001a17f62c800 Exception <a 'java/lang/NoSuchMethodError'{0x0000000088d79410}: 'java.lang.Object java.lang.invoke.DirectMethodHandle$Holder.invokeStatic(java.lang.Object, java.lang.Object, java.lang.Object, java.lang.Object, java.lang.Object, java.lang.Object, java.lang
Event: 0.636 Thread 0x000001a17f62c800 Exception <a 'java/lang/NoSuchMethodError'{0x0000000088d85900}: 'java.lang.Object java.lang.invoke.DirectMethodHandle$Holder.invokeStatic(java.lang.Object, java.lang.Object, java.lang.Object, java.lang.Object, java.lang.Object, java.lang.Object, java.lang
Event: 0.638 Thread 0x000001a17f62c800 Exception <a 'java/lang/NoSuchMethodError'{0x0000000088d91ed8}: 'java.lang.Object java.lang.invoke.DirectMethodHandle$Holder.invokeStatic(java.lang.Object, java.lang.Object, java.lang.Object, java.lang.Object, java.lang.Object, java.lang.Object, java.lang
Event: 0.658 Thread 0x000001a17f62c800 Exception <a 'java/lang/NoSuchMethodError'{0x0000000088c2bdc8}: 'java.lang.Object java.lang.invoke.DirectMethodHandle$Holder.invokeStatic(java.lang.Object, int, java.lang.Object)'> (0x0000000088c2bdc8) thrown at [c:/BuildAgent/work/5ff2f6c26000d570/src/ho
Event: 0.824 Thread 0x000001a17f62c800 Exception <a 'java/lang/NoSuchMethodError'{0x00000000882e48c8}: 'void java.lang.invoke.DirectMethodHandle$Holder.invokeStaticInit(java.lang.Object, java.lang.Object)'> (0x00000000882e48c8) thrown at [c:/BuildAgent/work/5ff2f6c26000d570/src/hotspot/share/i
Event: 0.913 Thread 0x000001a17f62c800 Exception <a 'java/lang/NoSuchMethodError'{0x0000000087e303e0}: 'void java.lang.invoke.DirectMethodHandle$Holder.invokeSpecial(java.lang.Object, java.lang.Object, java.lang.Object, java.lang.Object, java.lang.Object, java.lang.Object)'> (0x0000000087e303e
Event: 0.960 Thread 0x000001a17f62c800 Exception <a 'java/lang/NoSuchMethodError'{0x0000000087d60280}: 'void java.lang.invoke.DirectMethodHandle$Holder.invokeSpecial(java.lang.Object, java.lang.Object, java.lang.Object, java.lang.Object)'> (0x0000000087d60280) thrown at [c:/BuildAgent/work/5ff
Event: 0.988 Thread 0x000001a17f62c800 Implicit null exception at 0x000001a1721e38a5 to 0x000001a1721e3a8a
Event: 1.006 Thread 0x000001a17f62c800 Implicit null exception at 0x000001a1721e3f2f to 0x000001a1721e3fad
Event: 1.186 Thread 0x000001a17f62c800 Exception <a 'java/lang/NoSuchMethodError'{0x00000000876470e8}: 'java.lang.Object java.lang.invoke.DirectMethodHandle$Holder.invokeInterface(java.lang.Object, java.lang.Object, java.lang.Object)'> (0x00000000876470e8) thrown at [c:/BuildAgent/work/5ff2f6c
Event: 1.186 Thread 0x000001a17f62c800 Exception <a 'java/lang/IncompatibleClassChangeError'{0x000000008764a340}: Found class java.lang.Object, but interface was expected> (0x000000008764a340) thrown at [c:/BuildAgent/work/5ff2f6c26000d570/src/hotspot/share/interpreter/linkResolver.cpp, line 8
Event: 1.250 Thread 0x000001a17f62c800 Exception <a 'java/lang/NoSuchMethodError'{0x000000008747d8e8}: 'java.lang.Object java.lang.invoke.Invokers$Holder.linkToTargetMethod(java.lang.Object, int, java.lang.Object)'> (0x000000008747d8e8) thrown at [c:/BuildAgent/work/5ff2f6c26000d570/src/hotspo
Event: 1.599 Thread 0x000001a17f5f1800 Exception <a 'java/lang/NoSuchMethodError'{0x0000000086b1e838}: 'int java.lang.invoke.DirectMethodHandle$Holder.invokeStaticInit(java.lang.Object, java.lang.Object)'> (0x0000000086b1e838) thrown at [c:/BuildAgent/work/5ff2f6c26000d570/src/hotspot/share/in
Event: 1.638 Thread 0x000001a17f5f1800 Exception <a 'java/lang/NullPointerException'{0x0000000086a29a90}> (0x0000000086a29a90) thrown at [c:/BuildAgent/work/5ff2f6c26000d570/src/hotspot/share/interpreter/linkResolver.cpp, line 1440]
Event: 1.646 Thread 0x000001a17f5f1800 Exception <a 'java/lang/NullPointerException'{0x0000000086a3b8a8}> (0x0000000086a3b8a8) thrown at [c:/BuildAgent/work/5ff2f6c26000d570/src/hotspot/share/interpreter/linkResolver.cpp, line 1440]

Events (20 events):
Event: 1.600 loading class com/sun/prism/impl/BaseResourcePool$Predicate
Event: 1.600 loading class com/sun/prism/impl/BaseResourcePool$Predicate done
Event: 1.601 loading class com/sun/prism/impl/ManagedResource
Event: 1.601 loading class com/sun/prism/impl/ManagedResource done
Event: 1.601 loading class com/sun/prism/impl/BaseResourcePool$Predicate
Event: 1.601 loading class com/sun/prism/impl/BaseResourcePool$Predicate done
Event: 1.620 loading class java/nio/DirectByteBuffer$Deallocator
Event: 1.620 loading class java/nio/DirectByteBuffer$Deallocator done
Event: 1.626 loading class com/sun/scenario/effect/FilterContext
Event: 1.626 loading class com/sun/scenario/effect/FilterContext done
Event: 1.626 loading class com/sun/scenario/effect/impl/Renderer
Event: 1.626 loading class com/sun/scenario/effect/impl/Renderer done
Event: 1.626 loading class com/sun/scenario/effect/FilterContext
Event: 1.626 loading class com/sun/scenario/effect/FilterContext done
Event: 1.638 loading class java/lang/Throwable$WrappedPrintStream
Event: 1.639 loading class java/lang/Throwable$PrintStreamOrWriter
Event: 1.639 loading class java/lang/Throwable$PrintStreamOrWriter done
Event: 1.639 loading class java/lang/Throwable$WrappedPrintStream done
Event: 1.644 Executing VM operation: RevokeBias
Event: 1.644 Executing VM operation: RevokeBias done


Dynamic libraries:
0x00007ff6f4660000 - 0x00007ff6f466a000 	C:\Program Files\JetBrains\IntelliJ IDEA 2019.3.3\jbr\bin\java.exe
0x00007ffc3e500000 - 0x00007ffc3e6f0000 	C:\WINDOWS\SYSTEM32\ntdll.dll
0x00007ffc1bb30000 - 0x00007ffc1bb43000 	C:\Program Files\AVAST Software\Avast\aswhook.dll
0x00007ffc3de90000 - 0x00007ffc3df42000 	C:\WINDOWS\System32\KERNEL32.DLL
0x00007ffc3b610000 - 0x00007ffc3b8b4000 	C:\WINDOWS\System32\KERNELBASE.dll
0x00007ffc3b8f0000 - 0x00007ffc3b9ea000 	C:\WINDOWS\System32\ucrtbase.dll
0x00007ffc1fa80000 - 0x00007ffc1fa99000 	C:\Program Files\JetBrains\IntelliJ IDEA 2019.3.3\jbr\bin\jli.dll
0x00007ffc3c5b0000 - 0x00007ffc3c744000 	C:\WINDOWS\System32\USER32.dll
0x00007ffc3b8c0000 - 0x00007ffc3b8e1000 	C:\WINDOWS\System32\win32u.dll
0x00007ffc3e3d0000 - 0x00007ffc3e3f6000 	C:\WINDOWS\System32\GDI32.dll
0x00007ffc3bc90000 - 0x00007ffc3be24000 	C:\WINDOWS\System32\gdi32full.dll
0x00007ffc3b540000 - 0x00007ffc3b5de000 	C:\WINDOWS\System32\msvcp_win.dll
0x00007ffc1fa60000 - 0x00007ffc1fa77000 	C:\Program Files\JetBrains\IntelliJ IDEA 2019.3.3\jbr\bin\VCRUNTIME140.dll
0x00007ffc20c60000 - 0x00007ffc20ee4000 	C:\WINDOWS\WinSxS\amd64_microsoft.windows.common-controls_6595b64144ccf1df_6.0.18362.836_none_e6c4b943130f18ed\COMCTL32.dll
0x00007ffc3c890000 - 0x00007ffc3c92e000 	C:\WINDOWS\System32\msvcrt.dll
0x00007ffc3d390000 - 0x00007ffc3d6c6000 	C:\WINDOWS\System32\combase.dll
0x00007ffc3c750000 - 0x00007ffc3c870000 	C:\WINDOWS\System32\RPCRT4.dll
0x00007ffc3bc10000 - 0x00007ffc3bc90000 	C:\WINDOWS\System32\bcryptPrimitives.dll
0x00007ffc3e1c0000 - 0x00007ffc3e1ee000 	C:\WINDOWS\System32\IMM32.DLL
0x00007ffc1cfd0000 - 0x00007ffc1d06d000 	C:\Program Files\JetBrains\IntelliJ IDEA 2019.3.3\jbr\bin\msvcp140.dll
0x00007ffbea290000 - 0x00007ffbead4b000 	C:\Program Files\JetBrains\IntelliJ IDEA 2019.3.3\jbr\bin\server\jvm.dll
0x00007ffc3cab0000 - 0x00007ffc3cb53000 	C:\WINDOWS\System32\ADVAPI32.dll
0x00007ffc3c9a0000 - 0x00007ffc3ca37000 	C:\WINDOWS\System32\sechost.dll
0x00007ffc3e0b0000 - 0x00007ffc3e0b8000 	C:\WINDOWS\System32\PSAPI.DLL
0x00007ffc302a0000 - 0x00007ffc302a9000 	C:\WINDOWS\SYSTEM32\WSOCK32.dll
0x00007ffc3ddc0000 - 0x00007ffc3de2f000 	C:\WINDOWS\System32\WS2_32.dll
0x00007ffc31450000 - 0x00007ffc31474000 	C:\WINDOWS\SYSTEM32\WINMM.dll
0x00007ffc34990000 - 0x00007ffc3499a000 	C:\WINDOWS\SYSTEM32\VERSION.dll
0x00007ffc310e0000 - 0x00007ffc3110d000 	C:\WINDOWS\SYSTEM32\WINMMBASE.dll
0x00007ffc3ba10000 - 0x00007ffc3ba5a000 	C:\WINDOWS\System32\cfgmgr32.dll
0x00007ffc3b420000 - 0x00007ffc3b431000 	C:\WINDOWS\System32\kernel.appcore.dll
0x00007ffc27a30000 - 0x00007ffc27a41000 	C:\Program Files\JetBrains\IntelliJ IDEA 2019.3.3\jbr\bin\verify.dll
0x00007ffc3a0b0000 - 0x00007ffc3a2a4000 	C:\WINDOWS\SYSTEM32\DBGHELP.DLL
0x00007ffc32500000 - 0x00007ffc3252a000 	C:\WINDOWS\SYSTEM32\dbgcore.DLL
0x00007ffc251c0000 - 0x00007ffc251e9000 	C:\Program Files\JetBrains\IntelliJ IDEA 2019.3.3\jbr\bin\java.dll
0x00007ffc1fad0000 - 0x00007ffc1fae7000 	C:\Program Files\JetBrains\IntelliJ IDEA 2019.3.3\jbr\bin\zip.dll
0x00007ffc2d7d0000 - 0x00007ffc2d7db000 	C:\Program Files\JetBrains\IntelliJ IDEA 2019.3.3\jbr\bin\jimage.dll
0x00007ffc3cb60000 - 0x00007ffc3d244000 	C:\WINDOWS\System32\SHELL32.dll
0x00007ffc3e320000 - 0x00007ffc3e3c9000 	C:\WINDOWS\System32\shcore.dll
0x00007ffc3be30000 - 0x00007ffc3c5ae000 	C:\WINDOWS\System32\windows.storage.dll
0x00007ffc3b3f0000 - 0x00007ffc3b413000 	C:\WINDOWS\System32\profapi.dll
0x00007ffc3b440000 - 0x00007ffc3b48a000 	C:\WINDOWS\System32\powrprof.dll
0x00007ffc3b3c0000 - 0x00007ffc3b3d0000 	C:\WINDOWS\System32\UMPDC.dll
0x00007ffc3de30000 - 0x00007ffc3de82000 	C:\WINDOWS\System32\shlwapi.dll
0x00007ffc3b9f0000 - 0x00007ffc3ba07000 	C:\WINDOWS\System32\cryptsp.dll
0x000001a1645e0000 - 0x000001a1645e3000 	C:\Program Files\JetBrains\IntelliJ IDEA 2019.3.3\jbr\bin\api-ms-win-core-console-l1-1-0.dll
0x000001a1645f0000 - 0x000001a1645f3000 	C:\Program Files\JetBrains\IntelliJ IDEA 2019.3.3\jbr\bin\api-ms-win-core-datetime-l1-1-0.dll
0x000001a164600000 - 0x000001a164603000 	C:\Program Files\JetBrains\IntelliJ IDEA 2019.3.3\jbr\bin\api-ms-win-core-debug-l1-1-0.dll
0x000001a164610000 - 0x000001a164613000 	C:\Program Files\JetBrains\IntelliJ IDEA 2019.3.3\jbr\bin\api-ms-win-core-errorhandling-l1-1-0.dll
0x000001a166500000 - 0x000001a166504000 	C:\Program Files\JetBrains\IntelliJ IDEA 2019.3.3\jbr\bin\api-ms-win-core-file-l1-1-0.dll
0x000001a166510000 - 0x000001a166513000 	C:\Program Files\JetBrains\IntelliJ IDEA 2019.3.3\jbr\bin\api-ms-win-core-file-l1-2-0.dll
0x000001a166520000 - 0x000001a166523000 	C:\Program Files\JetBrains\IntelliJ IDEA 2019.3.3\jbr\bin\api-ms-win-core-file-l2-1-0.dll
0x000001a166530000 - 0x000001a166533000 	C:\Program Files\JetBrains\IntelliJ IDEA 2019.3.3\jbr\bin\api-ms-win-core-handle-l1-1-0.dll
0x000001a166540000 - 0x000001a166543000 	C:\Program Files\JetBrains\IntelliJ IDEA 2019.3.3\jbr\bin\api-ms-win-core-heap-l1-1-0.dll
0x000001a166550000 - 0x000001a166553000 	C:\Program Files\JetBrains\IntelliJ IDEA 2019.3.3\jbr\bin\api-ms-win-core-interlocked-l1-1-0.dll
0x000001a166560000 - 0x000001a166563000 	C:\Program Files\JetBrains\IntelliJ IDEA 2019.3.3\jbr\bin\api-ms-win-core-libraryloader-l1-1-0.dll
0x000001a166570000 - 0x000001a166573000 	C:\Program Files\JetBrains\IntelliJ IDEA 2019.3.3\jbr\bin\api-ms-win-core-localization-l1-2-0.dll
0x000001a166580000 - 0x000001a166583000 	C:\Program Files\JetBrains\IntelliJ IDEA 2019.3.3\jbr\bin\api-ms-win-core-memory-l1-1-0.dll
0x000001a166590000 - 0x000001a166593000 	C:\Program Files\JetBrains\IntelliJ IDEA 2019.3.3\jbr\bin\api-ms-win-core-namedpipe-l1-1-0.dll
0x000001a1665a0000 - 0x000001a1665a3000 	C:\Program Files\JetBrains\IntelliJ IDEA 2019.3.3\jbr\bin\api-ms-win-core-processenvironment-l1-1-0.dll
0x000001a1665b0000 - 0x000001a1665b3000 	C:\Program Files\JetBrains\IntelliJ IDEA 2019.3.3\jbr\bin\api-ms-win-core-processthreads-l1-1-0.dll
0x000001a1665c0000 - 0x000001a1665c3000 	C:\Program Files\JetBrains\IntelliJ IDEA 2019.3.3\jbr\bin\api-ms-win-core-processthreads-l1-1-1.dll
0x000001a17f460000 - 0x000001a17f463000 	C:\Program Files\JetBrains\IntelliJ IDEA 2019.3.3\jbr\bin\api-ms-win-core-profile-l1-1-0.dll
0x000001a17f470000 - 0x000001a17f473000 	C:\Program Files\JetBrains\IntelliJ IDEA 2019.3.3\jbr\bin\api-ms-win-core-rtlsupport-l1-1-0.dll
0x000001a17f480000 - 0x000001a17f483000 	C:\Program Files\JetBrains\IntelliJ IDEA 2019.3.3\jbr\bin\api-ms-win-core-string-l1-1-0.dll
0x000001a17f490000 - 0x000001a17f493000 	C:\Program Files\JetBrains\IntelliJ IDEA 2019.3.3\jbr\bin\api-ms-win-core-synch-l1-1-0.dll
0x000001a17f4a0000 - 0x000001a17f4a3000 	C:\Program Files\JetBrains\IntelliJ IDEA 2019.3.3\jbr\bin\api-ms-win-core-synch-l1-2-0.dll
0x000001a17f4b0000 - 0x000001a17f4b3000 	C:\Program Files\JetBrains\IntelliJ IDEA 2019.3.3\jbr\bin\api-ms-win-core-sysinfo-l1-1-0.dll
0x000001a17f4c0000 - 0x000001a17f4c3000 	C:\Program Files\JetBrains\IntelliJ IDEA 2019.3.3\jbr\bin\api-ms-win-core-timezone-l1-1-0.dll
0x000001a17f4d0000 - 0x000001a17f4d3000 	C:\Program Files\JetBrains\IntelliJ IDEA 2019.3.3\jbr\bin\api-ms-win-core-util-l1-1-0.dll
0x000001a17f4e0000 - 0x000001a17f4e3000 	C:\Program Files\JetBrains\IntelliJ IDEA 2019.3.3\jbr\bin\api-ms-win-crt-conio-l1-1-0.dll
0x000001a17f4f0000 - 0x000001a17f4f4000 	C:\Program Files\JetBrains\IntelliJ IDEA 2019.3.3\jbr\bin\api-ms-win-crt-convert-l1-1-0.dll
0x000001a17f500000 - 0x000001a17f503000 	C:\Program Files\JetBrains\IntelliJ IDEA 2019.3.3\jbr\bin\api-ms-win-crt-environment-l1-1-0.dll
0x000001a17f510000 - 0x000001a17f513000 	C:\Program Files\JetBrains\IntelliJ IDEA 2019.3.3\jbr\bin\api-ms-win-crt-filesystem-l1-1-0.dll
0x000001a17f520000 - 0x000001a17f523000 	C:\Program Files\JetBrains\IntelliJ IDEA 2019.3.3\jbr\bin\api-ms-win-crt-heap-l1-1-0.dll
0x000001a17f530000 - 0x000001a17f533000 	C:\Program Files\JetBrains\IntelliJ IDEA 2019.3.3\jbr\bin\api-ms-win-crt-locale-l1-1-0.dll
0x000001a17f540000 - 0x000001a17f545000 	C:\Program Files\JetBrains\IntelliJ IDEA 2019.3.3\jbr\bin\api-ms-win-crt-math-l1-1-0.dll
0x000001a17f550000 - 0x000001a17f555000 	C:\Program Files\JetBrains\IntelliJ IDEA 2019.3.3\jbr\bin\api-ms-win-crt-multibyte-l1-1-0.dll
0x000001a17f560000 - 0x000001a17f570000 	C:\Program Files\JetBrains\IntelliJ IDEA 2019.3.3\jbr\bin\api-ms-win-crt-private-l1-1-0.dll
0x000001a17f570000 - 0x000001a17f573000 	C:\Program Files\JetBrains\IntelliJ IDEA 2019.3.3\jbr\bin\api-ms-win-crt-process-l1-1-0.dll
0x000001a17f580000 - 0x000001a17f584000 	C:\Program Files\JetBrains\IntelliJ IDEA 2019.3.3\jbr\bin\api-ms-win-crt-runtime-l1-1-0.dll
0x000001a17f590000 - 0x000001a17f594000 	C:\Program Files\JetBrains\IntelliJ IDEA 2019.3.3\jbr\bin\api-ms-win-crt-stdio-l1-1-0.dll
0x000001a17f5a0000 - 0x000001a17f5a4000 	C:\Program Files\JetBrains\IntelliJ IDEA 2019.3.3\jbr\bin\api-ms-win-crt-string-l1-1-0.dll
0x000001a17f5b0000 - 0x000001a17f5b3000 	C:\Program Files\JetBrains\IntelliJ IDEA 2019.3.3\jbr\bin\api-ms-win-crt-time-l1-1-0.dll
0x000001a17f5c0000 - 0x000001a17f5c3000 	C:\Program Files\JetBrains\IntelliJ IDEA 2019.3.3\jbr\bin\api-ms-win-crt-utility-l1-1-0.dll
0x00007ffc20040000 - 0x00007ffc2013a000 	C:\Program Files\JetBrains\IntelliJ IDEA 2019.3.3\jbr\bin\ucrtbase.dll
0x00007ffc32fa0000 - 0x00007ffc32fed000 	C:\Windows\System32\concrt140.dll
0x00007ffc30c80000 - 0x00007ffc30c8c000 	C:\WINDOWS\SYSTEM32\VCRUNTIME140_1.dll
0x00007ffc33070000 - 0x00007ffc33093000 	C:\Program Files\JetBrains\IntelliJ IDEA 2019.3.3\jbr\bin\prism_d3d.dll
0x00007ffc05450000 - 0x00007ffc05617000 	C:\WINDOWS\system32\d3d9.dll
0x00007ffc396c0000 - 0x00007ffc396ed000 	C:\WINDOWS\SYSTEM32\dwmapi.dll
0x00007ffc39c70000 - 0x00007ffc39c90000 	C:\WINDOWS\SYSTEM32\dxcore.dll
0x00007ffc395c0000 - 0x00007ffc39659000 	C:\WINDOWS\system32\uxtheme.dll
0x00007ffbe7d50000 - 0x00007ffbea28e000 	C:\WINDOWS\SYSTEM32\igdumdim64.dll
0x00007ffc3e1f0000 - 0x00007ffc3e2b4000 	C:\WINDOWS\System32\OLEAUT32.dll
0x00007ffc3df50000 - 0x00007ffc3e0a7000 	C:\WINDOWS\System32\ole32.dll
0x00007ffc3d6d0000 - 0x00007ffc3db40000 	C:\WINDOWS\System32\SETUPAPI.dll
0x00007ffc3b5e0000 - 0x00007ffc3b606000 	C:\WINDOWS\System32\bcrypt.dll
0x00007ffc27c10000 - 0x00007ffc27c55000 	C:\Program Files\JetBrains\IntelliJ IDEA 2019.3.3\jbr\bin\glass.dll
0x00007ffc3dcf0000 - 0x00007ffc3ddc0000 	C:\WINDOWS\System32\COMDLG32.dll
0x00007ffc3d250000 - 0x00007ffc3d386000 	C:\WINDOWS\System32\MSCTF.dll
0x00007ffc29a00000 - 0x00007ffc2a440000 	C:\WINDOWS\SYSTEM32\igdusc64.dll
0x00007ffc1d8a0000 - 0x00007ffc1d8ba000 	C:\Program Files\JetBrains\IntelliJ IDEA 2019.3.3\jbr\bin\net.dll
0x00007ffc352a0000 - 0x00007ffc35390000 	C:\WINDOWS\SYSTEM32\WINHTTP.dll
0x00007ffc3abd0000 - 0x00007ffc3ac37000 	C:\WINDOWS\system32\mswsock.dll
0x00007ffc1d860000 - 0x00007ffc1d874000 	C:\Program Files\JetBrains\IntelliJ IDEA 2019.3.3\jbr\bin\nio.dll
0x00007ffc345a0000 - 0x00007ffc345b4000 	C:\Program Files\JetBrains\IntelliJ IDEA 2019.3.3\jbr\bin\javafx_font.dll
0x00007ffbfb710000 - 0x00007ffbfb8b1000 	C:\Program Files\JetBrains\IntelliJ IDEA 2019.3.3\jbr\bin\awt.dll
0x00007ffc381e0000 - 0x00007ffc387a0000 	C:\WINDOWS\SYSTEM32\d2d1.dll
0x00007ffc393e0000 - 0x00007ffc3946f000 	C:\WINDOWS\SYSTEM32\apphelp.dll
0x00007ffc15730000 - 0x00007ffc157b5000 	C:\Program Files\JetBrains\IntelliJ IDEA 2019.3.3\jbr\bin\freetype.dll
0x00007ffc0a600000 - 0x00007ffc0a6a8000 	C:\Program Files\JetBrains\IntelliJ IDEA 2019.3.3\jbr\bin\fontmanager.dll
0x00007ffc280a0000 - 0x00007ffc2839e000 	C:\WINDOWS\SYSTEM32\dwrite.dll
0x00007ffc3e410000 - 0x00007ffc3e4b2000 	C:\WINDOWS\System32\clbcatq.dll
0x00007ffc2c510000 - 0x00007ffc2c6bf000 	C:\WINDOWS\SYSTEM32\WindowsCodecs.dll
0x00007ffc27d80000 - 0x00007ffc27dba000 	C:\WINDOWS\system32\dataexchange.dll
0x00007ffc38980000 - 0x00007ffc38bdb000 	C:\WINDOWS\system32\d3d11.dll
0x00007ffc387a0000 - 0x00007ffc3897c000 	C:\WINDOWS\system32\dcomp.dll
0x00007ffc39d80000 - 0x00007ffc39e6b000 	C:\WINDOWS\system32\dxgi.dll
0x00007ffc38be0000 - 0x00007ffc38e41000 	C:\WINDOWS\system32\twinapi.appcore.dll
0x00007ffc39690000 - 0x00007ffc396b9000 	C:\WINDOWS\system32\RMCLIENT.dll
0x00007ffc32f60000 - 0x00007ffc32f93000 	C:\Program Files\Common Files\Microsoft Shared\Ink\rtscom.dll
0x00007ffc2cc00000 - 0x00007ffc2cc9e000 	C:\WINDOWS\System32\TextInputFramework.dll
0x00007ffc2c8d0000 - 0x00007ffc2cbfa000 	C:\WINDOWS\System32\CoreUIComponents.dll
0x00007ffc37c80000 - 0x00007ffc37d54000 	C:\WINDOWS\System32\CoreMessaging.dll
0x00007ffc3a3f0000 - 0x00007ffc3a421000 	C:\WINDOWS\SYSTEM32\ntmarta.dll
0x00007ffc37340000 - 0x00007ffc37493000 	C:\WINDOWS\SYSTEM32\wintypes.dll
0x00007ffc2da30000 - 0x00007ffc2dcd6000 	C:\WINDOWS\System32\iertutil.dll

dbghelp: loaded successfully - version: 4.0.5 - missing functions: none
symbol engine: initialized successfully - sym options: 0x614 - pdb path: .;C:\Program Files\JetBrains\IntelliJ IDEA 2019.3.3\jbr\bin;C:\WINDOWS\SYSTEM32;C:\Program Files\AVAST Software\Avast;C:\WINDOWS\WinSxS\amd64_microsoft.windows.common-controls_6595b64144ccf1df_6.0.18362.836_none_e6c4b943130f18ed;C:\Program Files\JetBrains\IntelliJ IDEA 2019.3.3\jbr\bin\server;C:\Program Files\Common Files\Microsoft Shared\Ink

VM Arguments:
jvm_args: -Dfile.encoding=windows-1251 -Duser.country=RU -Duser.language=ru -Duser.variant 
java_command: app.App
java_class_path (initial): C:\Users\Andriy Gorobets\IdeaProjects\dancing-links\build\classes\java\main;C:\Users\Andriy Gorobets\IdeaProjects\dancing-links\build\resources\main;C:\Users\Andriy Gorobets\.gradle\caches\5.2.1\generated-gradle-jars\gradle-api-5.2.1.jar;C:\Users\Andriy Gorobets\.gradle\wrapper\dists\gradle-5.2.1-all\bviwmvmbexq6idcscbicws5me\gradle-5.2.1\lib\groovy-all-1.0-2.5.4.jar;C:\Users\Andriy Gorobets\.gradle\wrapper\dists\gradle-5.2.1-all\bviwmvmbexq6idcscbicws5me\gradle-5.2.1\lib\gradle-installation-beacon-5.2.1.jar
Launcher Type: SUN_STANDARD

[Global flags]
     intx CICompilerCount                          = 3                                         {product} {ergonomic}
     uint ConcGCThreads                            = 1                                         {product} {ergonomic}
     uint G1ConcRefinementThreads                  = 4                                         {product} {ergonomic}
   size_t G1HeapRegionSize                         = 1048576                                   {product} {ergonomic}
    uintx GCDrainStackTargetSize                   = 64                                        {product} {ergonomic}
   size_t InitialHeapSize                          = 134217728                                 {product} {ergonomic}
   size_t MarkStackSize                            = 4194304                                   {product} {ergonomic}
   size_t MaxHeapSize                              = 2126512128                                {product} {ergonomic}
   size_t MaxNewSize                               = 1275068416                                {product} {ergonomic}
   size_t MinHeapDeltaBytes                        = 1048576                                   {product} {ergonomic}
    uintx NonNMethodCodeHeapSize                   = 5830732                                {pd product} {ergonomic}
    uintx NonProfiledCodeHeapSize                  = 122913754                              {pd product} {ergonomic}
    uintx ProfiledCodeHeapSize                     = 122913754                              {pd product} {ergonomic}
    uintx ReservedCodeCacheSize                    = 251658240                              {pd product} {ergonomic}
     bool SegmentedCodeCache                       = true                                      {product} {ergonomic}
     bool UseCompressedClassPointers               = true                                 {lp64_product} {ergonomic}
     bool UseCompressedOops                        = true                                 {lp64_product} {ergonomic}
     bool UseG1GC                                  = true                                      {product} {ergonomic}
     bool UseLargePagesIndividualAllocation        = false                                  {pd product} {ergonomic}

Logging:
Log output configuration:
 #0: stdout all=warning uptime,level,tags
 #1: stderr all=off uptime,level,tags

Environment Variables:
JAVA_HOME=C:\Program Files\Java\jdk1.8.0_181
PATH=C:\Program Files (x86)\Common Files\Oracle\Java\javapath;C:\WINDOWS\system32;C:\WINDOWS;C:\WINDOWS\System32\Wbem;C:\WINDOWS\System32\WindowsPowerShell\v1.0\;C:\Program Files (x86)\Common Files\lenovo\easyplussdk\bin;C:\Program Files (x86)\ATI Technologies\ATI.ACE\Core-Static;C:\Program Files\Microsoft\Web Platform Installer\;C:\Program Files (x86)\Microsoft ASP.NET\ASP.NET Web Pages\v1.0\;C:\Program Files\Microsoft SQL Server\110\Tools\Binn\;C:\Program Files\Intel\WiFi\bin\;C:\Program Files\Common Files\Intel\WirelessCommon\;C:\Program Files (x86)\Windows Kits\8.0\Windows Performance Toolkit\;C:\WINDOWS\System32\OpenSSH\;C:\Program Files\Git\cmd;C:\Program Files\MATLAB\R2018b\runtime\win64;C:\Program Files\MATLAB\R2018b\bin;% JAVA_HOME% \ bin;"% MAVEN_HOME% \ bin;";C:\Program Files\maven\apache-maven-3.6.3\bin;C:\Program Files\nodejs\;C:\Program Files\MySQL\MySQL Shell 8.0\bin\;C:\Users\Andriy Gorobets\AppData\Local\Microsoft\WindowsApps;C:\Users\Andriy Gorobets\AppData\Local\GitHubDesktop\bin;;C:\Users\Andriy Gorobets\AppData\Local\Microsoft\WindowsApps;C:\Users\Andriy Gorobets\PyCharm\PyCharm 2019.2.3\bin;;C:\Program Files\JetBrains\IntelliJ IDEA 2019.3.3\bin;;C:\Users\Andriy Gorobets\AppData\Roaming\npm
USERNAME=Andriy Gorobets
OS=Windows_NT
PROCESSOR_IDENTIFIER=Intel64 Family 6 Model 61 Stepping 4, GenuineIntel



---------------  S Y S T E M  ---------------

OS: Windows 10 , 64 bit Build 18362 (10.0.18362.778)

CPU:total 4 (initial active 4) (2 cores per cpu, 2 threads per core) family 6 model 61 stepping 4, cmov, cx8, fxsr, mmx, sse, sse2, sse3, ssse3, sse4.1, sse4.2, popcnt, avx, avx2, aes, clmul, erms, 3dnowpref, lzcnt, ht, tsc, tscinvbit, bmi1, bmi2, adx, fma

Memory: 4k page, system-wide physical 8105M (663M free)
TotalPageFile size 11305M (AvailPageFile size 1M)
current process WorkingSet (physical memory assigned to process): 176M, peak: 176M
current process commit charge ("private bytes"): 298M, peak: 300M

vm_info: OpenJDK 64-Bit Server VM (11.0.5+10-b520.38) for windows-amd64 JRE (11.0.5+10-b520.38), built on Jan 23 2020 07:58:32 by "" with MS VC++ 14.0 (VS2015)

END.
